

                             _   _
                            (_) | |
      __ _   _ __   __   __  _  | |
     / _` | | '_ \  \ \ / / | | | |
    | (_| | | | | |  \ V /  | | | |
     \__,_| |_| |_|   \_/   |_| |_|

    1.3.5-stable (9979a41b5d 2025-09-09T04:49:44.505104000Z)
    https://github.com/foundry-rs/foundry

Available Accounts
==================

(0) 0xf39Fd6e51aad88F6F4ce6aB8827279cffFb92266 (1000.000000000000000000 ETH)
(1) 0x70997970C51812dc3A010C7d01b50e0d17dc79C8 (1000.000000000000000000 ETH)
(2) 0x3C44CdDdB6a900fa2b585dd299e03d12FA4293BC (1000.000000000000000000 ETH)
(3) 0x90F79bf6EB2c4f870365E785982E1f101E93b906 (1000.000000000000000000 ETH)
(4) 0x15d34AAf54267DB7D7c367839AAf71A00a2C6A65 (1000.000000000000000000 ETH)
(5) 0x9965507D1a55bcC2695C58ba16FB37d819B0A4dc (1000.000000000000000000 ETH)
(6) 0x976EA74026E726554dB657fA54763abd0C3a0aa9 (1000.000000000000000000 ETH)
(7) 0x14dC79964da2C08b23698B3D3cc7Ca32193d9955 (1000.000000000000000000 ETH)
(8) 0x23618e81E3f5cdF7f54C3d65f7FBc0aBf5B21E8f (1000.000000000000000000 ETH)
(9) 0xa0Ee7A142d267C1f36714E4a8F75612F20a79720 (1000.000000000000000000 ETH)

Private Keys
==================

(0) 0xac0974bec39a17e36ba4a6b4d238ff944bacb478cbed5efcae784d7bf4f2ff80
(1) 0x59c6995e998f97a5a0044966f0945389dc9e86dae88c7a8412f4603b6b78690d
(2) 0x5de4111afa1a4b94908f83103eb1f1706367c2e68ca870fc3fb9a804cdab365a
(3) 0x7c852118294e51e653712a81e05800f419141751be58f605c371e15141b007a6
(4) 0x47e179ec197488593b187f80a00eb0da91f1b9d0b13f8733639f19c30a34926a
(5) 0x8b3a350cf5c34c9194ca85829a2df0ec3153be0318b5e2d3348e872092edffba
(6) 0x92db14e403b83dfe3df233f83dfa3a0d7096f21ca9b0d6d6b8d88b2b4ec1564e
(7) 0x4bbbf85ce3377467afe5d46f804f221813b2bb87f24d81f60f1fcdbf7cbf4356
(8) 0xdbda1821b80551c9d65939329250298aa3472ba22feea921c0cf5d620ea67b97
(9) 0x2a871d0798f97d79848a013d4936a73bf4cc922c825d33c1cf7073dff6d409c6

Wallet
==================
Mnemonic:          test test test test test test test test test test test junk
Derivation path:   m/44'/60'/0'/0/


Fork
==================
Endpoint:       https://eth.drpc.org
Block number:   23352630
Block hash:     0x0ff6b55e3462b41c0e278109864beaf8557ebd1f1e002527feb3a27ba07dc49b
Chain ID:       31337

Base Fee
==================

201044551

Gas Limit
==================

45043858

Genesis Timestamp
==================

1757748219

Genesis Number
==================

0

Listening on 0.0.0.0:8545
eth_blockNumber
eth_getTransactionCount
eth_getCode
eth_blockNumber
eth_gasPrice
eth_chainId
eth_getBlockByNumber
eth_blockNumber
eth_gasPrice
eth_chainId
eth_getBlockByNumber
eth_getAccountInfo
eth_getAccount
eth_getCode
eth_getTransactionCount
eth_getBalance
eth_getCode
eth_getAccountInfo
eth_getAccount
eth_getCode
eth_getAccountInfo
eth_getAccount
eth_getCode
eth_getAccountInfo
eth_getAccount
eth_getCode
eth_getAccountInfo
eth_getAccount
eth_getCode
eth_getAccountInfo
eth_getAccount
eth_getCode
eth_getAccountInfo
eth_getAccount
eth_getCode
eth_chainId
eth_chainId
eth_blockNumber
eth_gasPrice
eth_getBlockByNumber
eth_chainId
eth_chainId
eth_feeHistory
eth_feeHistory
eth_sendRawTransaction
eth_getTransactionReceipt

    Transaction: 0x02b354368316142918239cf49153ab3050ec2d5f32dcc85df3a3a8850a497155
    Gas used: 5130906

    Block Number: 23352631
    Block Hash: 0x4303fb6bf63cf2d9de8479105c2d56b8519b1ca9bc791c0d122ebb1f5149b1cf
    Block Time: "Sat, 13 Sep 2025 07:23:37 +0000"

eth_blockNumber
eth_getBlockByNumber
eth_getTransactionReceipt
eth_getTransactionCount
eth_getCode
eth_blockNumber
eth_gasPrice
eth_chainId
eth_getBlockByNumber
eth_blockNumber
eth_chainId
eth_gasPrice
eth_getBlockByNumber
eth_getCode
eth_getTransactionCount
eth_getAccountInfo
eth_getBalance
eth_getAccount
eth_getCode
eth_getTransactionCount
eth_getCode
eth_getBalance
eth_getTransactionCount
eth_getBalance
eth_getCode
eth_getTransactionCount
eth_getBalance
eth_getCode
eth_getBalance
eth_getCode
eth_getTransactionCount
eth_getBalance
eth_getCode
eth_getTransactionCount
eth_getTransactionCount
eth_getCode
eth_getBalance
eth_getBalance
eth_getCode
eth_getTransactionCount
eth_getStorageAt
eth_getBalance
eth_getTransactionCount
eth_getCode
eth_getStorageAt
eth_getStorageAt
eth_getStorageAt
eth_getStorageAt
eth_getStorageAt
eth_getStorageAt
eth_getStorageAt
eth_getTransactionCount
eth_getCode
eth_getBalance
eth_getStorageAt
eth_getStorageAt
eth_getStorageAt
eth_getStorageAt
eth_getStorageAt
eth_getBalance
eth_getTransactionCount
eth_getCode
eth_getStorageAt
eth_getStorageAt
eth_getStorageAt
eth_getStorageAt
eth_getStorageAt
eth_getStorageAt
eth_getBalance
eth_getTransactionCount
eth_getCode
eth_getStorageAt
eth_getStorageAt
eth_getStorageAt
eth_getStorageAt
eth_getStorageAt
eth_getBalance
eth_getTransactionCount
eth_getCode
eth_getBalance
eth_getCode
eth_getTransactionCount
eth_chainId
eth_chainId
eth_blockNumber
eth_gasPrice
eth_chainId
eth_getBlockByNumber
eth_chainId
eth_feeHistory
eth_feeHistory
eth_sendRawTransaction

    Transaction: 0x97ed4535683ca0ec0bd3fb0f36a923f614e7cc714b61cd7bd38b828224b94445
    Contract created: 0x0dA5CAdDAac598d22055F6c94C2d0e3E62C76dec
    Gas used: 950380

    Block Number: 23352632
    Block Hash: 0x7027def18932289c1c9abd9bab4c836052c4701be20573011565264be4ac412e
    Block Time: "Sat, 13 Sep 2025 07:23:38 +0000"

eth_sendRawTransaction
eth_sendRawTransaction
eth_sendRawTransaction
eth_sendRawTransaction
eth_sendRawTransaction
eth_sendRawTransaction
eth_sendRawTransaction

    Transaction: 0xf3aaac7cd13b8a2c67083ed7712343dff89a2125c556af5a2e25f5b82e3844ab
    Gas used: 92665

    Transaction: 0x13b37523f37b6fe6d606a67966ed9ebfc2b6832fc3e28ce5f5131e2cd25ea5d4
    Gas used: 168218

    Block Number: 23352633
    Block Hash: 0x8786b6d3316d0b33fb5ddd6eb4c8510daa75472321d74bf9bb6c76bc34f2dc98
    Block Time: "Sat, 13 Sep 2025 07:23:38 +0000"


    Transaction: 0x427e58949fbb9960c1f2fa072003565753fd7975b5ae61853acee200ae594975
    Contract created: 0x3770f6742750Aa4584c56464cFC9390b4a696e40
    Gas used: 1141426

    Transaction: 0x5ec5e8bad30ff87ad9a981eb53ba9d4e62152801d71fe90a33f6ecb9a31106de
    Gas used: 1177548

    Transaction: 0xf0cf6c2fc30b3e05edf465b3b869c2ef07ba617b45fbdf0a64de7fe2fe3abb87
    Gas used: 1230782

    Transaction: 0x3412235ef6bb6c05740f10567d3247d76a9738753895335d207233f6b8a17cba
    Gas used: 1284004

    Transaction: 0xf07d86d14d3af4c4c4e899b5cc0bbfcef5caff270b3613fd0c85796eb0db0ab2
    Gas used: 3929744

    Block Number: 23352634
    Block Hash: 0x10465bbacd446ae52d0c0daa594da16de894f393995ed75c6fcd5f37d071d6ab
    Block Time: "Sat, 13 Sep 2025 07:23:38 +0000"

eth_sendRawTransaction
eth_sendRawTransaction
eth_sendRawTransaction
eth_sendRawTransaction
eth_sendRawTransaction
eth_sendRawTransaction
eth_sendRawTransaction

    Transaction: 0x9378a1c148b78c4b865174c5dffa57ac9797ef18a0837b140f3d1f2d07b11ef3
    Gas used: 2634997

    Block Number: 23352635
    Block Hash: 0x9f7a3e3393c320f2082c89158e484a9b675c22fffad8c283401b9792de489f93
    Block Time: "Sat, 13 Sep 2025 07:23:38 +0000"

eth_sendRawTransaction

    Transaction: 0x0a3a37c5ba9128964e8998d85a62261c98563b5aee8e2d63e83953aca749fe18
    Gas used: 2606168

    Transaction: 0x60349344ed4716822247faeeec3a1a4adf894e8fdc63e2e10a886a1ce498db17
    Gas used: 5173373

    Transaction: 0xf586eb51f17dedb2691723ccca625c600151e8cd91c84580f62db71766d83d3c
    Gas used: 5242352

    Transaction: 0xc09881c7c189b7ef3aefbbf72dacab4dd6ad79c3d02dfba86a8fed537099f1f4
    Gas used: 5288386

    Transaction: 0x51896fe7ff5e48f92bd9ea483e015895e79203f6abab3b3a06bdc01452d9a1be
    Gas used: 5374749

    Transaction: 0xc4c8d8f0960458efa8dabd90755859b5604f8bd2d99452a0fb8dd292334199d8
    Gas used: 5443728

    Block Number: 23352636
    Block Hash: 0x88e86510fe0a45264607395a0e6cba204bc4e9e247b925ee84fdd85d29104459
    Block Time: "Sat, 13 Sep 2025 07:23:38 +0000"


    Transaction: 0xb4274393804a8baa6b8306a3efc004fd0cd0407c72a09beee7aed1efaded1bae
    Gas used: 46034

    Block Number: 23352637
    Block Hash: 0x7b4b19605c74dac2e8a91e69a287c98c65950253e753019e5f3532cd7d8b3358
    Block Time: "Sat, 13 Sep 2025 07:23:38 +0000"

eth_sendRawTransaction

    Transaction: 0xab319705220e31078e5b85309ef62b4cc6055888749404fc71737acfe89c47d9
    Gas used: 86363

    Block Number: 23352638
    Block Hash: 0x83f6e8176be0e79e66c4e7b3887edf8b6179bcc7372e8cd4d451468dd96d7475
    Block Time: "Sat, 13 Sep 2025 07:23:38 +0000"

eth_getTransactionReceipt
eth_getTransactionReceipt
eth_getTransactionReceipt
eth_getTransactionReceipt
eth_getTransactionReceipt
eth_getTransactionReceipt
eth_getTransactionReceipt
eth_getTransactionReceipt
eth_getTransactionReceipt
eth_getTransactionReceipt
eth_getTransactionReceipt
eth_getTransactionReceipt
eth_getTransactionReceipt
eth_getTransactionReceipt
eth_getTransactionReceipt
eth_getTransactionReceipt
eth_getTransactionReceipt
eth_getTransactionReceipt
eth_getTransactionReceipt
eth_getTransactionReceipt
eth_getTransactionReceipt
eth_getTransactionReceipt
eth_getTransactionReceipt
eth_getTransactionReceipt
eth_getTransactionReceipt
eth_getTransactionReceipt
eth_getTransactionReceipt
eth_getTransactionReceipt
eth_getTransactionReceipt
eth_getTransactionReceipt
eth_getTransactionReceipt
eth_getTransactionReceipt
eth_getTransactionReceipt
eth_getTransactionReceipt
eth_getBalance
eth_getBalance
eth_call
eth_call
eth_call
eth_call
eth_call
eth_call
eth_call
eth_call
eth_call
eth_call
eth_call
eth_call
eth_call
eth_call
eth_call
eth_call
eth_call
eth_call
eth_call
eth_call
eth_call
eth_call
eth_call
eth_call
eth_call
eth_call
eth_call
eth_call
eth_call
eth_call
eth_call
eth_call
eth_call
eth_call
eth_call
eth_call
eth_call
eth_call
eth_call
eth_call
eth_call
eth_call
eth_call
eth_call
eth_call
eth_call
eth_call
eth_call
eth_call
eth_call
eth_call
eth_call
eth_call
eth_call
eth_call
eth_call
eth_call
eth_call
eth_call
eth_call
eth_call
eth_call
eth_call
eth_call
eth_call
eth_call
eth_call
eth_call
eth_call
eth_call
eth_call
eth_call
eth_call
eth_call
eth_call
eth_call
eth_call
eth_call
eth_call
eth_call
eth_call
eth_call
eth_call
eth_call
eth_call
eth_call
eth_call
eth_call
eth_call
eth_call
eth_call
eth_call
eth_call
eth_call
eth_call
eth_call
eth_call
eth_call
eth_call
eth_call
eth_call
eth_call
eth_call
eth_call
eth_call
eth_call
eth_call
eth_call
eth_call
eth_call
eth_call
eth_call
eth_call
eth_call
eth_call
eth_call
eth_call
eth_call
eth_call
eth_call
eth_call
eth_call
eth_call
eth_getBalance
eth_call
eth_call
eth_call
eth_call
eth_call
eth_call
eth_call
eth_call
eth_call
eth_call
eth_call
eth_call
eth_call
eth_call
eth_call
eth_call
eth_call
eth_call
eth_call
eth_call
eth_call
eth_call
eth_call
eth_call
eth_call
eth_call
eth_call
eth_call
eth_call
eth_call
eth_call
eth_call
eth_call
eth_call
eth_call
eth_call
eth_call
eth_call
eth_call
eth_call
eth_call
eth_call
eth_call
eth_call
eth_call
eth_call
eth_call
eth_call
eth_call
eth_call
eth_call
eth_call
eth_call
eth_call
eth_call
eth_call
eth_call
eth_getBalance
eth_call
eth_call
eth_call
eth_call
eth_call
eth_call
eth_call
eth_call
eth_call
eth_call
eth_call
eth_call
eth_call
eth_call
eth_call
eth_call
eth_call
eth_call
eth_call
eth_call
eth_call
eth_call
eth_call
eth_call
eth_call
eth_networkId
eth_networkId
eth_getBalance
eth_getBalance
eth_call
eth_call
eth_call
eth_call
eth_call
eth_call
eth_call
eth_call
eth_call
eth_call
eth_call
eth_call
eth_call
eth_call
eth_call
eth_call
eth_call
eth_call
eth_call
eth_call
eth_call
eth_call
eth_call
eth_call
eth_call
eth_call
eth_call
eth_call
eth_call
eth_call
eth_call
eth_call
eth_call
eth_call
eth_call
eth_call
eth_call
eth_call
eth_call
eth_call
eth_call
eth_call
eth_call
eth_call
eth_call
eth_call
eth_call
eth_call
eth_call
eth_call
eth_call
eth_call
eth_call
eth_call
eth_call
eth_call
eth_call
eth_call
eth_call
eth_call
eth_call
eth_call
eth_call
eth_call
eth_call
eth_call
eth_call
eth_call
eth_call
eth_call
eth_call
eth_call
eth_call
eth_call
eth_call
eth_call
eth_call
eth_call
eth_getBalance
eth_call
eth_call
eth_call
eth_call
eth_call
eth_call
eth_call
eth_call
eth_call
eth_call
eth_call
eth_call
eth_call
eth_call
eth_call
eth_call
eth_call
eth_call
eth_call
eth_call
eth_call
eth_call
eth_call
eth_call
eth_call
eth_call
eth_call
eth_call
eth_call
eth_call
eth_call
eth_call
eth_call
eth_call
eth_call
eth_call
eth_call
eth_call
eth_call
eth_call
eth_call
eth_call
eth_call
eth_call
eth_call
eth_call
eth_call
eth_call
eth_call
eth_call
eth_call
eth_call
eth_call
eth_call
eth_call
eth_call
eth_call
eth_call
eth_call
eth_call
eth_call
eth_call
eth_call
eth_call
eth_call
eth_call
eth_call
eth_call
eth_call
eth_call
eth_call
eth_call
eth_call
eth_call
eth_call
eth_call
eth_call
eth_call
eth_call
eth_call
eth_call
eth_call
eth_call
eth_call
eth_call
eth_call
eth_call
eth_call
eth_call
eth_call
eth_call
eth_call
eth_call
eth_call
eth_call
eth_call
eth_call
eth_call
eth_call
eth_call
eth_call
eth_call
eth_call
eth_call
eth_call
eth_call
eth_call
eth_call
eth_call
eth_call
eth_call
eth_call
eth_call
eth_call
eth_call
eth_call
eth_call
eth_call
eth_call
eth_call
eth_call
eth_call
eth_call
eth_call
eth_call
eth_call
eth_call
eth_call
eth_call
eth_call
eth_call
eth_call
eth_call
eth_call
eth_call
eth_call
eth_call
eth_call
eth_call
eth_call
eth_call
eth_call
eth_call
eth_call
eth_call
eth_call
eth_call
eth_call
eth_call
eth_call
eth_call
eth_call
eth_call
eth_call
eth_call
eth_call
eth_call
eth_call
eth_call
eth_call
eth_call
eth_call
eth_call
eth_call
eth_call
eth_call
eth_call
eth_call
eth_call
eth_call
eth_call
eth_call
eth_call
eth_call
eth_call
eth_call
eth_call
eth_call
eth_call
eth_call
eth_call
eth_call
eth_call
eth_call
eth_call
eth_call
eth_call
eth_call
eth_call
eth_call
eth_call
eth_call
eth_call
eth_call
eth_call
eth_call
eth_call
eth_call
eth_call
eth_call
eth_call
eth_call
eth_call
eth_call
eth_call
eth_call
eth_call
eth_call
eth_call
eth_call
eth_call
eth_call
eth_call
eth_call
eth_call
eth_call
eth_call
eth_call
eth_call
eth_call
eth_call
eth_call
eth_call
eth_call
eth_call
eth_call
eth_call
eth_call
eth_call
eth_call
eth_call
eth_call
eth_call
eth_call
eth_call
eth_call
eth_call
eth_call
eth_call
eth_call
eth_call
eth_call
eth_call
eth_call
eth_call
eth_call
eth_call
eth_call
eth_call
eth_call
eth_call
eth_call
eth_call
eth_call
eth_call
eth_call
eth_call
eth_call
eth_call
eth_call
eth_call
eth_call
eth_call
eth_call
eth_call
eth_call
eth_call
eth_call
eth_call
eth_call
eth_call
eth_call
eth_call
eth_call
eth_call
eth_call
eth_call
